1632715345.014829 client started (50384): version 3.0a, socket /tmp//tmux-1000/default, protocol 8
1632715345.014900 on Linux 5.4.0-86-generic #97-Ubuntu SMP Fri Sep 17 19:19:40 UTC 2021; libevent 2.1.11-stable (poll)
1632715345.014951 socket is /tmp//tmux-1000/default
1632715345.014981 trying connect
1632715345.015023 connect failed: No such file or directory
1632715345.015051 lock file is /tmp//tmux-1000/default.lock
1632715345.015105 flock succeeded
1632715345.015118 got lock (6)
1632715345.015134 trying connect
1632715345.015154 connect failed: No such file or directory
1632715345.015558 add peer 0x5568273e38e0: 7 ((nil))
1632715345.015893 sending message 100 to peer 0x5568273e38e0 (4 bytes)
1632715345.015915 sending message 101 to peer 0x5568273e38e0 (15 bytes)
1632715345.015927 sending message 102 to peer 0x5568273e38e0 (11 bytes)
1632715345.015938 sending message 108 to peer 0x5568273e38e0 (49 bytes)
1632715345.015951 sending message 104 to peer 0x5568273e38e0 (0 bytes)
1632715345.015963 sending message 107 to peer 0x5568273e38e0 (4 bytes)
1632715345.015973 sending message 105 to peer 0x5568273e38e0 (16 bytes)
1632715345.015984 sending message 105 to peer 0x5568273e38e0 (90 bytes)
1632715345.015995 sending message 105 to peer 0x5568273e38e0 (19 bytes)
1632715345.016006 sending message 105 to peer 0x5568273e38e0 (20 bytes)
1632715345.016017 sending message 105 to peer 0x5568273e38e0 (45 bytes)
1632715345.016048 sending message 105 to peer 0x5568273e38e0 (23 bytes)
1632715345.016059 sending message 105 to peer 0x5568273e38e0 (44 bytes)
1632715345.016070 sending message 105 to peer 0x5568273e38e0 (42 bytes)
1632715345.016080 sending message 105 to peer 0x5568273e38e0 (7 bytes)
1632715345.016091 sending message 105 to peer 0x5568273e38e0 (42 bytes)
1632715345.016101 sending message 105 to peer 0x5568273e38e0 (45 bytes)
1632715345.016111 sending message 105 to peer 0x5568273e38e0 (32 bytes)
1632715345.016122 sending message 105 to peer 0x5568273e38e0 (41 bytes)
1632715345.016137 sending message 105 to peer 0x5568273e38e0 (62 bytes)
1632715345.016148 sending message 105 to peer 0x5568273e38e0 (20 bytes)
1632715345.016158 sending message 105 to peer 0x5568273e38e0 (23 bytes)
1632715345.016168 sending message 105 to peer 0x5568273e38e0 (19 bytes)
1632715345.016179 sending message 105 to peer 0x5568273e38e0 (28 bytes)
1632715345.016189 sending message 105 to peer 0x5568273e38e0 (53 bytes)
1632715345.016199 sending message 105 to peer 0x5568273e38e0 (14 bytes)
1632715345.016209 sending message 105 to peer 0x5568273e38e0 (27 bytes)
1632715345.016219 sending message 105 to peer 0x5568273e38e0 (21 bytes)
1632715345.016230 sending message 105 to peer 0x5568273e38e0 (52 bytes)
1632715345.016240 sending message 105 to peer 0x5568273e38e0 (41 bytes)
1632715345.016250 sending message 105 to peer 0x5568273e38e0 (13 bytes)
1632715345.016260 sending message 105 to peer 0x5568273e38e0 (17 bytes)
1632715345.016270 sending message 105 to peer 0x5568273e38e0 (15 bytes)
1632715345.016280 sending message 105 to peer 0x5568273e38e0 (18 bytes)
1632715345.016290 sending message 105 to peer 0x5568273e38e0 (17 bytes)
1632715345.016301 sending message 105 to peer 0x5568273e38e0 (1506 bytes)
1632715345.016336 sending message 105 to peer 0x5568273e38e0 (33 bytes)
1632715345.016384 sending message 105 to peer 0x5568273e38e0 (17 bytes)
1632715345.016407 sending message 105 to peer 0x5568273e38e0 (47 bytes)
1632715345.016425 sending message 105 to peer 0x5568273e38e0 (76 bytes)
1632715345.016442 sending message 105 to peer 0x5568273e38e0 (16 bytes)
1632715345.016454 sending message 105 to peer 0x5568273e38e0 (34 bytes)
1632715345.016464 sending message 105 to peer 0x5568273e38e0 (23 bytes)
1632715345.016475 sending message 105 to peer 0x5568273e38e0 (20 bytes)
1632715345.016485 sending message 105 to peer 0x5568273e38e0 (11 bytes)
1632715345.016496 sending message 105 to peer 0x5568273e38e0 (32 bytes)
1632715345.016509 sending message 105 to peer 0x5568273e38e0 (11 bytes)
1632715345.016519 sending message 105 to peer 0x5568273e38e0 (14 bytes)
1632715345.016530 sending message 105 to peer 0x5568273e38e0 (11 bytes)
1632715345.016579 sending message 105 to peer 0x5568273e38e0 (8 bytes)
1632715345.016591 sending message 105 to peer 0x5568273e38e0 (18 bytes)
1632715345.016602 sending message 105 to peer 0x5568273e38e0 (50 bytes)
1632715345.016613 sending message 105 to peer 0x5568273e38e0 (63 bytes)
1632715345.016625 sending message 105 to peer 0x5568273e38e0 (31 bytes)
1632715345.016638 sending message 105 to peer 0x5568273e38e0 (56 bytes)
1632715345.016651 sending message 105 to peer 0x5568273e38e0 (23 bytes)
1632715345.016662 sending message 105 to peer 0x5568273e38e0 (85 bytes)
1632715345.016673 sending message 105 to peer 0x5568273e38e0 (225 bytes)
1632715345.016684 sending message 105 to peer 0x5568273e38e0 (18 bytes)
1632715345.016697 sending message 105 to peer 0x5568273e38e0 (54 bytes)
1632715345.016718 sending message 105 to peer 0x5568273e38e0 (36 bytes)
1632715345.016731 sending message 105 to peer 0x5568273e38e0 (39 bytes)
1632715345.016742 sending message 105 to peer 0x5568273e38e0 (16 bytes)
1632715345.016757 sending message 106 to peer 0x5568273e38e0 (0 bytes)
1632715345.016771 sending message 200 to peer 0x5568273e38e0 (4 bytes)
1632715345.016783 client loop enter
1632715345.046375 peer 0x5568273e38e0 message 207
1632715345.046388 sending message 208 to peer 0x5568273e38e0 (0 bytes)
1632716895.789318 client loop exit
