  Compiling CUDA source file scan.cu...
  
  F:\MyTutorials\Cuda programming masterclass\code\CUDAMasterclass\CUDAMasterclass>"C:\Program Files\NVIDIA GPU Computing Toolkit\CUDA\v9.1\bin\nvcc.exe" -gencode=arch=compute_35,code=\"sm_35,compute_35\" --use-local-env --cl-version 2015 -ccbin "C:\Program Files (x86)\Microsoft Visual Studio 14.0\VC\bin\x86_amd64" -x cu  -I"C:\Program Files\NVIDIA GPU Computing Toolkit\CUDA\v9.1\include" -I"C:\Program Files\NVIDIA GPU Computing Toolkit\CUDA\v9.1\include"  -G   --keep-dir x64\Debug -maxrregcount=0  --machine 64 --compile -cudart static  -g   -DWIN32 -DWIN64 -D_DEBUG -D_CONSOLE -D_MBCS -Xcompiler "/EHsc /W3 /nologo /Od /FS /Zi /RTC1 /MDd " -o x64\Debug\scan.cu.obj "F:\MyTutorials\Cuda programming masterclass\code\CUDAMasterclass\CUDAMasterclass\scan.cu" 
F:/MyTutorials/Cuda programming masterclass/code/CUDAMasterclass/CUDAMasterclass/scan.cu(40): warning : variable "tid" was declared but never referenced
F:/MyTutorials/Cuda programming masterclass/code/CUDAMasterclass/CUDAMasterclass/scan.cu(99): warning : conversion from a string literal to "char *" is deprecated
F:/MyTutorials/Cuda programming masterclass/code/CUDAMasterclass/CUDAMasterclass/scan.cu(109): warning : conversion from a string literal to "char *" is deprecated
F:/MyTutorials/Cuda programming masterclass/code/CUDAMasterclass/CUDAMasterclass/scan.cu(68): warning : variable "cpu_start" was set but never used
F:/MyTutorials/Cuda programming masterclass/code/CUDAMasterclass/CUDAMasterclass/scan.cu(68): warning : variable "cpu_end" was set but never used
F:/MyTutorials/Cuda programming masterclass/code/CUDAMasterclass/CUDAMasterclass/scan.cu(68): warning : variable "gpu_start" was declared but never referenced
F:/MyTutorials/Cuda programming masterclass/code/CUDAMasterclass/CUDAMasterclass/scan.cu(68): warning : variable "gpu_end" was declared but never referenced
F:/MyTutorials/Cuda programming masterclass/code/CUDAMasterclass/CUDAMasterclass/scan.cu(40): warning : variable "tid" was declared but never referenced
F:/MyTutorials/Cuda programming masterclass/code/CUDAMasterclass/CUDAMasterclass/scan.cu(99): warning : conversion from a string literal to "char *" is deprecated
F:/MyTutorials/Cuda programming masterclass/code/CUDAMasterclass/CUDAMasterclass/scan.cu(109): warning : conversion from a string literal to "char *" is deprecated
F:/MyTutorials/Cuda programming masterclass/code/CUDAMasterclass/CUDAMasterclass/scan.cu(68): warning : variable "cpu_start" was set but never used
F:/MyTutorials/Cuda programming masterclass/code/CUDAMasterclass/CUDAMasterclass/scan.cu(68): warning : variable "cpu_end" was set but never used
F:/MyTutorials/Cuda programming masterclass/code/CUDAMasterclass/CUDAMasterclass/scan.cu(68): warning : variable "gpu_start" was declared but never referenced
F:/MyTutorials/Cuda programming masterclass/code/CUDAMasterclass/CUDAMasterclass/scan.cu(68): warning : variable "gpu_end" was declared but never referenced
  scan.cu
F:/MyTutorials/Cuda programming masterclass/code/CUDAMasterclass/CUDAMasterclass/scan.cu(68): warning C4101: 'gpu_start': unreferenced local variable
F:/MyTutorials/Cuda programming masterclass/code/CUDAMasterclass/CUDAMasterclass/scan.cu(68): warning C4101: 'gpu_end': unreferenced local variable
  CUDAMasterclass.vcxproj -> F:\MyTutorials\Cuda programming masterclass\code\CUDAMasterclass\x64\Debug\CUDAMasterclass.exe
  CUDAMasterclass.vcxproj -> F:\MyTutorials\Cuda programming masterclass\code\CUDAMasterclass\x64\Debug\CUDAMasterclass.pdb (Full PDB)
  copy "C:\Program Files\NVIDIA GPU Computing Toolkit\CUDA\v9.1\bin\cudart*.dll" "F:\MyTutorials\Cuda programming masterclass\code\CUDAMasterclass\x64\Debug\"
  C:\Program Files\NVIDIA GPU Computing Toolkit\CUDA\v9.1\bin\cudart32_91.dll
  C:\Program Files\NVIDIA GPU Computing Toolkit\CUDA\v9.1\bin\cudart64_91.dll
          2 file(s) copied.
