f:\mytutorials\cuda programming masterclass\code\cudamasterclass\cudamasterclass\x64\debug\vc140.pdb
f:\mytutorials\cuda programming masterclass\code\cudamasterclass\cudamasterclass\x64\debug\vc140.idb
f:\mytutorials\cuda programming masterclass\code\cudamasterclass\cudamasterclass\x64\debug\common.obj
f:\mytutorials\cuda programming masterclass\code\cudamasterclass\cudamasterclass\x64\debug\source.obj
f:\mytutorials\cuda programming masterclass\code\cudamasterclass\x64\debug\cudamasterclass.ilk
f:\mytutorials\cuda programming masterclass\code\cudamasterclass\x64\debug\cudamasterclass.exe
f:\mytutorials\cuda programming masterclass\code\cudamasterclass\x64\debug\cudamasterclass.pdb
f:\mytutorials\cuda programming masterclass\code\cudamasterclass\cudamasterclass\x64\debug\10_constant_stencil_computation.cu.cache
f:\mytutorials\cuda programming masterclass\code\cudamasterclass\cudamasterclass\x64\debug\10_matrix_transpose.cu.cache
f:\mytutorials\cuda programming masterclass\code\cudamasterclass\cudamasterclass\x64\debug\10_memory_transfer.cu.cache
f:\mytutorials\cuda programming masterclass\code\cudamasterclass\cudamasterclass\x64\debug\10_reduction_with_unrolling_loop.cu.cache
f:\mytutorials\cuda programming masterclass\code\cudamasterclass\cudamasterclass\x64\debug\11_sum_array.cu.cache
f:\mytutorials\cuda programming masterclass\code\cudamasterclass\cudamasterclass\x64\debug\11_unrolling_warps_unroll.cu.cache
f:\mytutorials\cuda programming masterclass\code\cudamasterclass\cudamasterclass\x64\debug\12_reduction_complete_unrolling.cu.cache
f:\mytutorials\cuda programming masterclass\code\cudamasterclass\cudamasterclass\x64\debug\12_reduction_with_complete_unroll_and_template_func.cu.cache
f:\mytutorials\cuda programming masterclass\code\cudamasterclass\cudamasterclass\x64\debug\12_simple_shfl_operations.cu.cache
f:\mytutorials\cuda programming masterclass\code\cudamasterclass\cudamasterclass\x64\debug\13_dynamic_parallelism.cu.cache
f:\mytutorials\cuda programming masterclass\code\cudamasterclass\cudamasterclass\x64\debug\13_reduction with dynamic parallelism.cu.cache
f:\mytutorials\cuda programming masterclass\code\cudamasterclass\cudamasterclass\x64\debug\13_reduction_performance_comparison.cu.cache
f:\mytutorials\cuda programming masterclass\code\cudamasterclass\cudamasterclass\x64\debug\13_reduction_with_complete_unroll_and_template_func.cu.cache
f:\mytutorials\cuda programming masterclass\code\cudamasterclass\cudamasterclass\x64\debug\13_reduction_with_warp_shuffle.cu.cache
f:\mytutorials\cuda programming masterclass\code\cudamasterclass\cudamasterclass\x64\debug\14_device_query.cu.cache
f:\mytutorials\cuda programming masterclass\code\cudamasterclass\cudamasterclass\x64\debug\14_dynamic_parallelism.cu.cache
f:\mytutorials\cuda programming masterclass\code\cudamasterclass\cudamasterclass\x64\debug\14_reduction with dynamic parallelism.cu.cache
f:\mytutorials\cuda programming masterclass\code\cudamasterclass\cudamasterclass\x64\debug\1_intro_smem.cu.cache
f:\mytutorials\cuda programming masterclass\code\cudamasterclass\cudamasterclass\x64\debug\1_need for understand memory model.cu.cache
f:\mytutorials\cuda programming masterclass\code\cudamasterclass\cudamasterclass\x64\debug\2_floating_point_performance_comparison.cu.cache
f:\mytutorials\cuda programming masterclass\code\cudamasterclass\cudamasterclass\x64\debug\2_multiple_kernel_launch.cu.cache
f:\mytutorials\cuda programming masterclass\code\cudamasterclass\cudamasterclass\x64\debug\2_numeriacal_accuracy_float_vs_double.cu.cache
f:\mytutorials\cuda programming masterclass\code\cudamasterclass\cudamasterclass\x64\debug\2_nvvp_output.cu.cache
f:\mytutorials\cuda programming masterclass\code\cudamasterclass\cudamasterclass\x64\debug\2_register_usage.cu.cache
f:\mytutorials\cuda programming masterclass\code\cudamasterclass\cudamasterclass\x64\debug\2_warp_id_and_thread_id.cu.cache
f:\mytutorials\cuda programming masterclass\code\cudamasterclass\cudamasterclass\x64\debug\3_hello_cuda.cu.cache
f:\mytutorials\cuda programming masterclass\code\cudamasterclass\cudamasterclass\x64\debug\3_pinned_mem_test.cu.cache
f:\mytutorials\cuda programming masterclass\code\cudamasterclass\cudamasterclass\x64\debug\3_row_major_column_major_and_access_mode_test.cu.cache
f:\mytutorials\cuda programming masterclass\code\cudamasterclass\cudamasterclass\x64\debug\3_simple_cuda_stream_modified.cu.cache
f:\mytutorials\cuda programming masterclass\code\cudamasterclass\cudamasterclass\x64\debug\3_standard_intrinsic.cu.cache
f:\mytutorials\cuda programming masterclass\code\cudamasterclass\cudamasterclass\x64\debug\3_standard_intrinsic_performance_cmp.cu.cache
f:\mytutorials\cuda programming masterclass\code\cudamasterclass\cudamasterclass\x64\debug\3_warp_divergence.cu.cache
f:\mytutorials\cuda programming masterclass\code\cudamasterclass\cudamasterclass\x64\debug\4_atomic_add_groundup.cu.cache
f:\mytutorials\cuda programming masterclass\code\cudamasterclass\cudamasterclass\x64\debug\4_atomic_intro.cu.cache
f:\mytutorials\cuda programming masterclass\code\cudamasterclass\cudamasterclass\x64\debug\4_atomic_performance_test.cu.cache
f:\mytutorials\cuda programming masterclass\code\cudamasterclass\cudamasterclass\x64\debug\4_basic_elements.cu.cache
f:\mytutorials\cuda programming masterclass\code\cudamasterclass\cudamasterclass\x64\debug\4_shared_memory_static_vs_dynamic.cu.cache
f:\mytutorials\cuda programming masterclass\code\cudamasterclass\cudamasterclass\x64\debug\4_sum_array_overlapping_ops.cu.cache
f:\mytutorials\cuda programming masterclass\code\cudamasterclass\cudamasterclass\x64\debug\4_zero_copy_memory.cu.cache
f:\mytutorials\cuda programming masterclass\code\cudamasterclass\cudamasterclass\x64\debug\5_blocking_nonblocking_example.cu.cache
f:\mytutorials\cuda programming masterclass\code\cudamasterclass\cudamasterclass\x64\debug\5_organization_of_threads.cu.cache
f:\mytutorials\cuda programming masterclass\code\cudamasterclass\cudamasterclass\x64\debug\5_smem_padding.cu.cache
f:\mytutorials\cuda programming masterclass\code\cudamasterclass\cudamasterclass\x64\debug\5_sum_array_with_unified_memory.cu.cache
f:\mytutorials\cuda programming masterclass\code\cudamasterclass\cudamasterclass\x64\debug\6_device_query_in_occupancy.cu.cache
f:\mytutorials\cuda programming masterclass\code\cudamasterclass\cudamasterclass\x64\debug\6_misaligned_read.cu.cache
f:\mytutorials\cuda programming masterclass\code\cudamasterclass\cudamasterclass\x64\debug\6_occupancy_test.cu.cache
f:\mytutorials\cuda programming masterclass\code\cudamasterclass\cudamasterclass\x64\debug\6_organization_of_threads.cu.cache
f:\mytutorials\cuda programming masterclass\code\cudamasterclass\cudamasterclass\x64\debug\7_misaligned_writes.cu.cache
f:\mytutorials\cuda programming masterclass\code\cudamasterclass\cudamasterclass\x64\debug\7_reduce_smem_complete_unrolling.cu.cache
f:\mytutorials\cuda programming masterclass\code\cudamasterclass\cudamasterclass\x64\debug\7_reduction_smem.cu.cache
f:\mytutorials\cuda programming masterclass\code\cudamasterclass\cudamasterclass\x64\debug\7_sum_array.cu.cache
f:\mytutorials\cuda programming masterclass\code\cudamasterclass\cudamasterclass\x64\debug\7_timer_with_cuda_events.cu.cache
f:\mytutorials\cuda programming masterclass\code\cudamasterclass\cudamasterclass\x64\debug\7_unique_index_calculation_threadidx_blockidx_blockdim.cu.cache
f:\mytutorials\cuda programming masterclass\code\cudamasterclass\cudamasterclass\x64\debug\8_index calculation for 2d grid.cu.cache
f:\mytutorials\cuda programming masterclass\code\cudamasterclass\cudamasterclass\x64\debug\8_inter_stream_dependencies.cu.cache
f:\mytutorials\cuda programming masterclass\code\cudamasterclass\cudamasterclass\x64\debug\8_mat_transpose_smem.cu.cache
f:\mytutorials\cuda programming masterclass\code\cudamasterclass\cudamasterclass\x64\debug\8_soa_vs_aos.cu.cache
f:\mytutorials\cuda programming masterclass\code\cudamasterclass\cudamasterclass\x64\debug\8_synchronization_and_reduction.cu.cache
f:\mytutorials\cuda programming masterclass\code\cudamasterclass\cudamasterclass\x64\debug\9_callback_example.cu.cache
f:\mytutorials\cuda programming masterclass\code\cudamasterclass\cudamasterclass\x64\debug\9_index calculation for 2d grid 2d thread blocks.cu.cache
f:\mytutorials\cuda programming masterclass\code\cudamasterclass\cudamasterclass\x64\debug\9_reduction_interleaved_pairs.cu.cache
f:\mytutorials\cuda programming masterclass\code\cudamasterclass\cudamasterclass\x64\debug\9_reduction_warp_divergence_improved.cu.cache
f:\mytutorials\cuda programming masterclass\code\cudamasterclass\cudamasterclass\x64\debug\9_summary of performance tuning so far.cu.cache
f:\mytutorials\cuda programming masterclass\code\cudamasterclass\cudamasterclass\x64\debug\block_and_grid_size_check.cu.cache
f:\mytutorials\cuda programming masterclass\code\cudamasterclass\cudamasterclass\x64\debug\branch_divergence.cu.cache
f:\mytutorials\cuda programming masterclass\code\cudamasterclass\cudamasterclass\x64\debug\compact.cu.cache
f:\mytutorials\cuda programming masterclass\code\cudamasterclass\cudamasterclass\x64\debug\compact2d.cu.cache
f:\mytutorials\cuda programming masterclass\code\cudamasterclass\cudamasterclass\x64\debug\convolution.cu.cache
f:\mytutorials\cuda programming masterclass\code\cudamasterclass\cudamasterclass\x64\debug\convolution_1d_with_constant_memory_mask.cu.cache
f:\mytutorials\cuda programming masterclass\code\cudamasterclass\cudamasterclass\x64\debug\convolution_1d_with_global_mem_access.cu.cache
f:\mytutorials\cuda programming masterclass\code\cudamasterclass\cudamasterclass\x64\debug\convolution_1d_with_shared_memory.cu.cache
f:\mytutorials\cuda programming masterclass\code\cudamasterclass\cudamasterclass\x64\debug\cuda_common.cu.cache
f:\mytutorials\cuda programming masterclass\code\cudamasterclass\cudamasterclass\x64\debug\global_mem_limit_test.cu.cache
f:\mytutorials\cuda programming masterclass\code\cudamasterclass\cudamasterclass\x64\debug\grid_block_indces_check.cu.cache
f:\mytutorials\cuda programming masterclass\code\cudamasterclass\cudamasterclass\x64\debug\histogram.cu.cache
f:\mytutorials\cuda programming masterclass\code\cudamasterclass\cudamasterclass\x64\debug\histogram_v01.cu.cache
f:\mytutorials\cuda programming masterclass\code\cudamasterclass\cudamasterclass\x64\debug\kernel.cu.cache
f:\mytutorials\cuda programming masterclass\code\cudamasterclass\cudamasterclass\x64\debug\matrix_transpose.cu.cache
f:\mytutorials\cuda programming masterclass\code\cudamasterclass\cudamasterclass\x64\debug\matrix_transpose_book.cu.cache
f:\mytutorials\cuda programming masterclass\code\cudamasterclass\cudamasterclass\x64\debug\merge_sort.cu.cache
f:\mytutorials\cuda programming masterclass\code\cudamasterclass\cudamasterclass\x64\debug\prefix_sum_v01.cu.cache
f:\mytutorials\cuda programming masterclass\code\cudamasterclass\cudamasterclass\x64\debug\prefix_sum_v02.cu.cache
f:\mytutorials\cuda programming masterclass\code\cudamasterclass\cudamasterclass\x64\debug\print_my_index.cu.cache
f:\mytutorials\cuda programming masterclass\code\cudamasterclass\cudamasterclass\x64\debug\radix_sort_v01.cu.cache
f:\mytutorials\cuda programming masterclass\code\cudamasterclass\cudamasterclass\x64\debug\reduction_performance_comparison.cu.cache
f:\mytutorials\cuda programming masterclass\code\cudamasterclass\cudamasterclass\x64\debug\scan.cu.cache
f:\mytutorials\cuda programming masterclass\code\cudamasterclass\cudamasterclass\x64\debug\sec1_test.cu.cache
f:\mytutorials\cuda programming masterclass\code\cudamasterclass\cudamasterclass\x64\debug\sina.cu.cache
f:\mytutorials\cuda programming masterclass\code\cudamasterclass\cudamasterclass\x64\debug\sparse_matrix_v01.cu.cache
f:\mytutorials\cuda programming masterclass\code\cudamasterclass\cudamasterclass\x64\debug\sum_array_1.cu.cache
f:\mytutorials\cuda programming masterclass\code\cudamasterclass\cudamasterclass\x64\debug\sum_array_2_complete.cu.cache
f:\mytutorials\cuda programming masterclass\code\cudamasterclass\cudamasterclass\x64\debug\test.cu.cache
f:\mytutorials\cuda programming masterclass\code\cudamasterclass\cudamasterclass\x64\debug\test_code.cu.cache
f:\mytutorials\cuda programming masterclass\code\cudamasterclass\cudamasterclass\x64\debug\test_stream.cu.cache
f:\mytutorials\cuda programming masterclass\code\cudamasterclass\cudamasterclass\x64\debug\v6_add_constant_to_array.cu.cache
f:\mytutorials\cuda programming masterclass\code\cudamasterclass\cudamasterclass\x64\debug\10_constant_stencil_computation.cu.obj
f:\mytutorials\cuda programming masterclass\code\cudamasterclass\cudamasterclass\x64\debug\10_matrix_transpose.cu.obj
f:\mytutorials\cuda programming masterclass\code\cudamasterclass\cudamasterclass\x64\debug\10_memory_transfer.cu.obj
f:\mytutorials\cuda programming masterclass\code\cudamasterclass\cudamasterclass\x64\debug\10_reduction_with_unrolling_loop.cu.obj
f:\mytutorials\cuda programming masterclass\code\cudamasterclass\cudamasterclass\x64\debug\11_sum_array.cu.obj
f:\mytutorials\cuda programming masterclass\code\cudamasterclass\cudamasterclass\x64\debug\11_unrolling_warps_unroll.cu.obj
f:\mytutorials\cuda programming masterclass\code\cudamasterclass\cudamasterclass\x64\debug\12_reduction_complete_unrolling.cu.obj
f:\mytutorials\cuda programming masterclass\code\cudamasterclass\cudamasterclass\x64\debug\12_reduction_with_complete_unroll_and_template_func.cu.obj
f:\mytutorials\cuda programming masterclass\code\cudamasterclass\cudamasterclass\x64\debug\12_simple_shfl_operations.cu.obj
f:\mytutorials\cuda programming masterclass\code\cudamasterclass\cudamasterclass\x64\debug\13_dynamic_parallelism.cu.obj
f:\mytutorials\cuda programming masterclass\code\cudamasterclass\cudamasterclass\x64\debug\13_reduction with dynamic parallelism.cu.obj
f:\mytutorials\cuda programming masterclass\code\cudamasterclass\cudamasterclass\x64\debug\13_reduction_performance_comparison.cu.obj
f:\mytutorials\cuda programming masterclass\code\cudamasterclass\cudamasterclass\x64\debug\13_reduction_with_complete_unroll_and_template_func.cu.obj
f:\mytutorials\cuda programming masterclass\code\cudamasterclass\cudamasterclass\x64\debug\13_reduction_with_warp_shuffle.cu.obj
f:\mytutorials\cuda programming masterclass\code\cudamasterclass\cudamasterclass\x64\debug\14_device_query.cu.obj
f:\mytutorials\cuda programming masterclass\code\cudamasterclass\cudamasterclass\x64\debug\14_dynamic_parallelism.cu.obj
f:\mytutorials\cuda programming masterclass\code\cudamasterclass\cudamasterclass\x64\debug\14_reduction with dynamic parallelism.cu.obj
f:\mytutorials\cuda programming masterclass\code\cudamasterclass\cudamasterclass\x64\debug\1_intro_smem.cu.obj
f:\mytutorials\cuda programming masterclass\code\cudamasterclass\cudamasterclass\x64\debug\1_need for understand memory model.cu.obj
f:\mytutorials\cuda programming masterclass\code\cudamasterclass\cudamasterclass\x64\debug\2_floating_point_performance_comparison.cu.obj
f:\mytutorials\cuda programming masterclass\code\cudamasterclass\cudamasterclass\x64\debug\2_multiple_kernel_launch.cu.obj
f:\mytutorials\cuda programming masterclass\code\cudamasterclass\cudamasterclass\x64\debug\2_numeriacal_accuracy_float_vs_double.cu.obj
f:\mytutorials\cuda programming masterclass\code\cudamasterclass\cudamasterclass\x64\debug\2_nvvp_output.cu.obj
f:\mytutorials\cuda programming masterclass\code\cudamasterclass\cudamasterclass\x64\debug\2_register_usage.cu.obj
f:\mytutorials\cuda programming masterclass\code\cudamasterclass\cudamasterclass\x64\debug\2_warp_id_and_thread_id.cu.obj
f:\mytutorials\cuda programming masterclass\code\cudamasterclass\cudamasterclass\x64\debug\3_hello_cuda.cu.obj
f:\mytutorials\cuda programming masterclass\code\cudamasterclass\cudamasterclass\x64\debug\3_pinned_mem_test.cu.obj
f:\mytutorials\cuda programming masterclass\code\cudamasterclass\cudamasterclass\x64\debug\3_row_major_column_major_and_access_mode_test.cu.obj
f:\mytutorials\cuda programming masterclass\code\cudamasterclass\cudamasterclass\x64\debug\3_simple_cuda_stream_modified.cu.obj
f:\mytutorials\cuda programming masterclass\code\cudamasterclass\cudamasterclass\x64\debug\3_standard_intrinsic.cu.obj
f:\mytutorials\cuda programming masterclass\code\cudamasterclass\cudamasterclass\x64\debug\3_standard_intrinsic_performance_cmp.cu.obj
f:\mytutorials\cuda programming masterclass\code\cudamasterclass\cudamasterclass\x64\debug\3_warp_divergence.cu.obj
f:\mytutorials\cuda programming masterclass\code\cudamasterclass\cudamasterclass\x64\debug\4_atomic_add_groundup.cu.obj
f:\mytutorials\cuda programming masterclass\code\cudamasterclass\cudamasterclass\x64\debug\4_atomic_intro.cu.obj
f:\mytutorials\cuda programming masterclass\code\cudamasterclass\cudamasterclass\x64\debug\4_atomic_performance_test.cu.obj
f:\mytutorials\cuda programming masterclass\code\cudamasterclass\cudamasterclass\x64\debug\4_basic_elements.cu.obj
f:\mytutorials\cuda programming masterclass\code\cudamasterclass\cudamasterclass\x64\debug\4_shared_memory_static_vs_dynamic.cu.obj
f:\mytutorials\cuda programming masterclass\code\cudamasterclass\cudamasterclass\x64\debug\4_sum_array_overlapping_ops.cu.obj
f:\mytutorials\cuda programming masterclass\code\cudamasterclass\cudamasterclass\x64\debug\4_zero_copy_memory.cu.obj
f:\mytutorials\cuda programming masterclass\code\cudamasterclass\cudamasterclass\x64\debug\5_blocking_nonblocking_example.cu.obj
f:\mytutorials\cuda programming masterclass\code\cudamasterclass\cudamasterclass\x64\debug\5_organization_of_threads.cu.obj
f:\mytutorials\cuda programming masterclass\code\cudamasterclass\cudamasterclass\x64\debug\5_smem_padding.cu.obj
f:\mytutorials\cuda programming masterclass\code\cudamasterclass\cudamasterclass\x64\debug\5_sum_array_with_unified_memory.cu.obj
f:\mytutorials\cuda programming masterclass\code\cudamasterclass\cudamasterclass\x64\debug\6_device_query_in_occupancy.cu.obj
f:\mytutorials\cuda programming masterclass\code\cudamasterclass\cudamasterclass\x64\debug\6_misaligned_read.cu.obj
f:\mytutorials\cuda programming masterclass\code\cudamasterclass\cudamasterclass\x64\debug\6_occupancy_test.cu.obj
f:\mytutorials\cuda programming masterclass\code\cudamasterclass\cudamasterclass\x64\debug\6_organization_of_threads.cu.obj
f:\mytutorials\cuda programming masterclass\code\cudamasterclass\cudamasterclass\x64\debug\7_misaligned_writes.cu.obj
f:\mytutorials\cuda programming masterclass\code\cudamasterclass\cudamasterclass\x64\debug\7_reduce_smem_complete_unrolling.cu.obj
f:\mytutorials\cuda programming masterclass\code\cudamasterclass\cudamasterclass\x64\debug\7_reduction_smem.cu.obj
f:\mytutorials\cuda programming masterclass\code\cudamasterclass\cudamasterclass\x64\debug\7_sum_array.cu.obj
f:\mytutorials\cuda programming masterclass\code\cudamasterclass\cudamasterclass\x64\debug\7_timer_with_cuda_events.cu.obj
f:\mytutorials\cuda programming masterclass\code\cudamasterclass\cudamasterclass\x64\debug\7_unique_index_calculation_threadidx_blockidx_blockdim.cu.obj
f:\mytutorials\cuda programming masterclass\code\cudamasterclass\cudamasterclass\x64\debug\8_index calculation for 2d grid.cu.obj
f:\mytutorials\cuda programming masterclass\code\cudamasterclass\cudamasterclass\x64\debug\8_inter_stream_dependencies.cu.obj
f:\mytutorials\cuda programming masterclass\code\cudamasterclass\cudamasterclass\x64\debug\8_mat_transpose_smem.cu.obj
f:\mytutorials\cuda programming masterclass\code\cudamasterclass\cudamasterclass\x64\debug\8_soa_vs_aos.cu.obj
f:\mytutorials\cuda programming masterclass\code\cudamasterclass\cudamasterclass\x64\debug\8_synchronization_and_reduction.cu.obj
f:\mytutorials\cuda programming masterclass\code\cudamasterclass\cudamasterclass\x64\debug\9_callback_example.cu.obj
f:\mytutorials\cuda programming masterclass\code\cudamasterclass\cudamasterclass\x64\debug\9_index calculation for 2d grid 2d thread blocks.cu.obj
f:\mytutorials\cuda programming masterclass\code\cudamasterclass\cudamasterclass\x64\debug\9_reduction_interleaved_pairs.cu.obj
f:\mytutorials\cuda programming masterclass\code\cudamasterclass\cudamasterclass\x64\debug\9_reduction_warp_divergence_improved.cu.obj
f:\mytutorials\cuda programming masterclass\code\cudamasterclass\cudamasterclass\x64\debug\9_summary of performance tuning so far.cu.obj
f:\mytutorials\cuda programming masterclass\code\cudamasterclass\cudamasterclass\x64\debug\block_and_grid_size_check.cu.obj
f:\mytutorials\cuda programming masterclass\code\cudamasterclass\cudamasterclass\x64\debug\branch_divergence.cu.obj
f:\mytutorials\cuda programming masterclass\code\cudamasterclass\cudamasterclass\x64\debug\compact.cu.obj
f:\mytutorials\cuda programming masterclass\code\cudamasterclass\cudamasterclass\x64\debug\compact2d.cu.obj
f:\mytutorials\cuda programming masterclass\code\cudamasterclass\cudamasterclass\x64\debug\convolution.cu.obj
f:\mytutorials\cuda programming masterclass\code\cudamasterclass\cudamasterclass\x64\debug\convolution_1d_with_constant_memory_mask.cu.obj
f:\mytutorials\cuda programming masterclass\code\cudamasterclass\cudamasterclass\x64\debug\convolution_1d_with_global_mem_access.cu.obj
f:\mytutorials\cuda programming masterclass\code\cudamasterclass\cudamasterclass\x64\debug\convolution_1d_with_shared_memory.cu.obj
f:\mytutorials\cuda programming masterclass\code\cudamasterclass\cudamasterclass\x64\debug\cuda_common.cu.obj
f:\mytutorials\cuda programming masterclass\code\cudamasterclass\cudamasterclass\x64\debug\global_mem_limit_test.cu.obj
f:\mytutorials\cuda programming masterclass\code\cudamasterclass\cudamasterclass\x64\debug\grid_block_indces_check.cu.obj
f:\mytutorials\cuda programming masterclass\code\cudamasterclass\cudamasterclass\x64\debug\histogram.cu.obj
f:\mytutorials\cuda programming masterclass\code\cudamasterclass\cudamasterclass\x64\debug\histogram_v01.cu.obj
f:\mytutorials\cuda programming masterclass\code\cudamasterclass\cudamasterclass\x64\debug\kernel.cu.obj
f:\mytutorials\cuda programming masterclass\code\cudamasterclass\cudamasterclass\x64\debug\matrix_transpose.cu.obj
f:\mytutorials\cuda programming masterclass\code\cudamasterclass\cudamasterclass\x64\debug\matrix_transpose_book.cu.obj
f:\mytutorials\cuda programming masterclass\code\cudamasterclass\cudamasterclass\x64\debug\merge_sort.cu.obj
f:\mytutorials\cuda programming masterclass\code\cudamasterclass\cudamasterclass\x64\debug\prefix_sum_v01.cu.obj
f:\mytutorials\cuda programming masterclass\code\cudamasterclass\cudamasterclass\x64\debug\prefix_sum_v02.cu.obj
f:\mytutorials\cuda programming masterclass\code\cudamasterclass\cudamasterclass\x64\debug\print_my_index.cu.obj
f:\mytutorials\cuda programming masterclass\code\cudamasterclass\cudamasterclass\x64\debug\radix_sort_v01.cu.obj
f:\mytutorials\cuda programming masterclass\code\cudamasterclass\cudamasterclass\x64\debug\reduction_performance_comparison.cu.obj
f:\mytutorials\cuda programming masterclass\code\cudamasterclass\cudamasterclass\x64\debug\scan.cu.obj
f:\mytutorials\cuda programming masterclass\code\cudamasterclass\cudamasterclass\x64\debug\sec1_test.cu.obj
f:\mytutorials\cuda programming masterclass\code\cudamasterclass\cudamasterclass\x64\debug\sina.cu.obj
f:\mytutorials\cuda programming masterclass\code\cudamasterclass\cudamasterclass\x64\debug\sparse_matrix_v01.cu.obj
f:\mytutorials\cuda programming masterclass\code\cudamasterclass\cudamasterclass\x64\debug\sum_array_1.cu.obj
f:\mytutorials\cuda programming masterclass\code\cudamasterclass\cudamasterclass\x64\debug\sum_array_2_complete.cu.obj
f:\mytutorials\cuda programming masterclass\code\cudamasterclass\cudamasterclass\x64\debug\test.cu.obj
f:\mytutorials\cuda programming masterclass\code\cudamasterclass\cudamasterclass\x64\debug\test_code.cu.obj
f:\mytutorials\cuda programming masterclass\code\cudamasterclass\cudamasterclass\x64\debug\test_stream.cu.obj
f:\mytutorials\cuda programming masterclass\code\cudamasterclass\cudamasterclass\x64\debug\v6_add_constant_to_array.cu.obj
f:\mytutorials\cuda programming masterclass\code\cudamasterclass\cudamasterclass\x64\debug\cudamasterclass.tlog\cl.command.1.tlog
f:\mytutorials\cuda programming masterclass\code\cudamasterclass\cudamasterclass\x64\debug\cudamasterclass.tlog\cl.read.1.tlog
f:\mytutorials\cuda programming masterclass\code\cudamasterclass\cudamasterclass\x64\debug\cudamasterclass.tlog\cl.write.1.tlog
f:\mytutorials\cuda programming masterclass\code\cudamasterclass\cudamasterclass\x64\debug\cudamasterclass.tlog\link.command.1.tlog
f:\mytutorials\cuda programming masterclass\code\cudamasterclass\cudamasterclass\x64\debug\cudamasterclass.tlog\link.read.1.tlog
f:\mytutorials\cuda programming masterclass\code\cudamasterclass\cudamasterclass\x64\debug\cudamasterclass.tlog\link.write.1.tlog
